This is pdfTeX, Version 3.14159265-2.6-1.40.15 (TeX Live 2015/dev/Debian) (preloaded format=pdflatex 2015.8.13)  20 OCT 2015 23:41
entering extended mode
 restricted \write18 enabled.
 %&-line parsing enabled.
**ProjectReport.tex
(./ProjectReport.tex
LaTeX2e <2014/05/01>
Babel <3.9l> and hyphenation patterns for 79 languages loaded.
(/usr/share/texlive/texmf-dist/tex/latex/base/article.cls
Document Class: article 2014/09/29 v1.4h Standard LaTeX document class
(/usr/share/texlive/texmf-dist/tex/latex/base/size10.clo
File: size10.clo 2014/09/29 v1.4h Standard LaTeX file (size option)
)
\c@part=\count79
\c@section=\count80
\c@subsection=\count81
\c@subsubsection=\count82
\c@paragraph=\count83
\c@subparagraph=\count84
\c@figure=\count85
\c@table=\count86
\abovecaptionskip=\skip41
\belowcaptionskip=\skip42
\bibindent=\dimen102
)
(/usr/share/texlive/texmf-dist/tex/latex/multirow/multirow.sty
\bigstrutjot=\dimen103
)
(/usr/share/texlive/texmf-dist/tex/latex/float/float.sty
Package: float 2001/11/08 v1.3d Float enhancements (AL)
\c@float@type=\count87
\float@exts=\toks14
\float@box=\box26
\@float@everytoks=\toks15
\@floatcapt=\box27
)
(/usr/share/texlive/texmf-dist/tex/latex/graphics/graphicx.sty
Package: graphicx 2014/04/25 v1.0g Enhanced LaTeX Graphics (DPC,SPQR)

(/usr/share/texlive/texmf-dist/tex/latex/graphics/keyval.sty
Package: keyval 2014/05/08 v1.15 key=value parser (DPC)
\KV@toks@=\toks16
)
(/usr/share/texlive/texmf-dist/tex/latex/graphics/graphics.sty
Package: graphics 2009/02/05 v1.0o Standard LaTeX Graphics (DPC,SPQR)

(/usr/share/texlive/texmf-dist/tex/latex/graphics/trig.sty
Package: trig 1999/03/16 v1.09 sin cos tan (DPC)
)
(/usr/share/texlive/texmf-dist/tex/latex/latexconfig/graphics.cfg
File: graphics.cfg 2010/04/23 v1.9 graphics configuration of TeX Live
)
Package graphics Info: Driver file: pdftex.def on input line 91.

(/usr/share/texlive/texmf-dist/tex/latex/pdftex-def/pdftex.def
File: pdftex.def 2011/05/27 v0.06d Graphics/color for pdfTeX

(/usr/share/texlive/texmf-dist/tex/generic/oberdiek/infwarerr.sty
Package: infwarerr 2010/04/08 v1.3 Providing info/warning/error messages (HO)
)
(/usr/share/texlive/texmf-dist/tex/generic/oberdiek/ltxcmds.sty
Package: ltxcmds 2011/11/09 v1.22 LaTeX kernel commands for general use (HO)
)
\Gread@gobject=\count88
))
\Gin@req@height=\dimen104
\Gin@req@width=\dimen105
)
(/usr/share/texlive/texmf-dist/tex/latex/wrapfig/wrapfig.sty
\wrapoverhang=\dimen106
\WF@size=\dimen107
\c@WF@wrappedlines=\count89
\WF@box=\box28
\WF@everypar=\toks17
Package: wrapfig 2003/01/31  v 3.6
)
(/usr/share/texlive/texmf-dist/tex/latex/cite/cite.sty
LaTeX Info: Redefining \cite on input line 302.
LaTeX Info: Redefining \nocite on input line 373.
Package: cite 2010/09/10  v 5.3
)
(/usr/share/texlive/texmf-dist/tex/latex/hyperref/hyperref.sty
Package: hyperref 2012/11/06 v6.83m Hypertext links for LaTeX

(/usr/share/texlive/texmf-dist/tex/generic/oberdiek/hobsub-hyperref.sty
Package: hobsub-hyperref 2012/05/28 v1.13 Bundle oberdiek, subset hyperref (HO)


(/usr/share/texlive/texmf-dist/tex/generic/oberdiek/hobsub-generic.sty
Package: hobsub-generic 2012/05/28 v1.13 Bundle oberdiek, subset generic (HO)
Package: hobsub 2012/05/28 v1.13 Construct package bundles (HO)
Package hobsub Info: Skipping package `infwarerr' (already loaded).
Package hobsub Info: Skipping package `ltxcmds' (already loaded).
Package: ifluatex 2010/03/01 v1.3 Provides the ifluatex switch (HO)
Package ifluatex Info: LuaTeX not detected.
Package: ifvtex 2010/03/01 v1.5 Detect VTeX and its facilities (HO)
Package ifvtex Info: VTeX not detected.
Package: intcalc 2007/09/27 v1.1 Expandable calculations with integers (HO)
Package: ifpdf 2011/01/30 v2.3 Provides the ifpdf switch (HO)
Package ifpdf Info: pdfTeX in PDF mode is detected.
Package: etexcmds 2011/02/16 v1.5 Avoid name clashes with e-TeX commands (HO)
Package etexcmds Info: Could not find \expanded.
(etexcmds)             That can mean that you are not using pdfTeX 1.50 or
(etexcmds)             that some package has redefined \expanded.
(etexcmds)             In the latter case, load this package earlier.
Package: kvsetkeys 2012/04/25 v1.16 Key value parser (HO)
Package: kvdefinekeys 2011/04/07 v1.3 Define keys (HO)
Package: pdftexcmds 2011/11/29 v0.20 Utility functions of pdfTeX for LuaTeX (HO
)
Package pdftexcmds Info: LuaTeX not detected.
Package pdftexcmds Info: \pdf@primitive is available.
Package pdftexcmds Info: \pdf@ifprimitive is available.
Package pdftexcmds Info: \pdfdraftmode found.
Package: pdfescape 2011/11/25 v1.13 Implements pdfTeX's escape features (HO)
Package: bigintcalc 2012/04/08 v1.3 Expandable calculations on big integers (HO
)
Package: bitset 2011/01/30 v1.1 Handle bit-vector datatype (HO)
Package: uniquecounter 2011/01/30 v1.2 Provide unlimited unique counter (HO)
)
Package hobsub Info: Skipping package `hobsub' (already loaded).
Package: letltxmacro 2010/09/02 v1.4 Let assignment for LaTeX macros (HO)
Package: hopatch 2012/05/28 v1.2 Wrapper for package hooks (HO)
Package: xcolor-patch 2011/01/30 xcolor patch
Package: atveryend 2011/06/30 v1.8 Hooks at the very end of document (HO)
Package atveryend Info: \enddocument detected (standard20110627).
Package: atbegshi 2011/10/05 v1.16 At begin shipout hook (HO)
Package: refcount 2011/10/16 v3.4 Data extraction from label references (HO)
Package: hycolor 2011/01/30 v1.7 Color options for hyperref/bookmark (HO)
)
(/usr/share/texlive/texmf-dist/tex/generic/ifxetex/ifxetex.sty
Package: ifxetex 2010/09/12 v0.6 Provides ifxetex conditional
)
(/usr/share/texlive/texmf-dist/tex/latex/oberdiek/auxhook.sty
Package: auxhook 2011/03/04 v1.3 Hooks for auxiliary files (HO)
)
(/usr/share/texlive/texmf-dist/tex/latex/oberdiek/kvoptions.sty
Package: kvoptions 2011/06/30 v3.11 Key value format for package options (HO)
)
\@linkdim=\dimen108
\Hy@linkcounter=\count90
\Hy@pagecounter=\count91

(/usr/share/texlive/texmf-dist/tex/latex/hyperref/pd1enc.def
File: pd1enc.def 2012/11/06 v6.83m Hyperref: PDFDocEncoding definition (HO)
)
\Hy@SavedSpaceFactor=\count92

(/usr/share/texlive/texmf-dist/tex/latex/latexconfig/hyperref.cfg
File: hyperref.cfg 2002/06/06 v1.2 hyperref configuration of TeXLive
)
Package hyperref Info: Hyper figures OFF on input line 4443.
Package hyperref Info: Link nesting OFF on input line 4448.
Package hyperref Info: Hyper index ON on input line 4451.
Package hyperref Info: Plain pages OFF on input line 4458.
Package hyperref Info: Backreferencing OFF on input line 4463.
Package hyperref Info: Implicit mode ON; LaTeX internals redefined.
Package hyperref Info: Bookmarks ON on input line 4688.
\c@Hy@tempcnt=\count93

(/usr/share/texlive/texmf-dist/tex/latex/url/url.sty
\Urlmuskip=\muskip10
Package: url 2013/09/16  ver 3.4  Verb mode for urls, etc.
)
LaTeX Info: Redefining \url on input line 5041.
\XeTeXLinkMargin=\dimen109
\Fld@menulength=\count94
\Field@Width=\dimen110
\Fld@charsize=\dimen111
Package hyperref Info: Hyper figures OFF on input line 6295.
Package hyperref Info: Link nesting OFF on input line 6300.
Package hyperref Info: Hyper index ON on input line 6303.
Package hyperref Info: backreferencing OFF on input line 6310.
Package hyperref Info: Link coloring OFF on input line 6315.
Package hyperref Info: Link coloring with OCG OFF on input line 6320.
Package hyperref Info: PDF/A mode OFF on input line 6325.
LaTeX Info: Redefining \ref on input line 6365.
LaTeX Info: Redefining \pageref on input line 6369.
\Hy@abspage=\count95
\c@Item=\count96
\c@Hfootnote=\count97
)

Package hyperref Message: Driver (autodetected): hpdftex.

(/usr/share/texlive/texmf-dist/tex/latex/hyperref/hpdftex.def
File: hpdftex.def 2012/11/06 v6.83m Hyperref driver for pdfTeX
\Fld@listcount=\count98
\c@bookmark@seq@number=\count99

(/usr/share/texlive/texmf-dist/tex/latex/oberdiek/rerunfilecheck.sty
Package: rerunfilecheck 2011/04/15 v1.7 Rerun checks for auxiliary files (HO)
Package uniquecounter Info: New unique counter `rerunfilecheck' on input line 2
82.
)
\Hy@SectionHShift=\skip43
)

LaTeX Warning: Unused global option(s):
    [40pt].

No file ProjectReport.aux.
\openout1 = `ProjectReport.aux'.

LaTeX Font Info:    Checking defaults for OML/cmm/m/it on input line 10.
LaTeX Font Info:    ... okay on input line 10.
LaTeX Font Info:    Checking defaults for T1/cmr/m/n on input line 10.
LaTeX Font Info:    ... okay on input line 10.
LaTeX Font Info:    Checking defaults for OT1/cmr/m/n on input line 10.
LaTeX Font Info:    ... okay on input line 10.
LaTeX Font Info:    Checking defaults for OMS/cmsy/m/n on input line 10.
LaTeX Font Info:    ... okay on input line 10.
LaTeX Font Info:    Checking defaults for OMX/cmex/m/n on input line 10.
LaTeX Font Info:    ... okay on input line 10.
LaTeX Font Info:    Checking defaults for U/cmr/m/n on input line 10.
LaTeX Font Info:    ... okay on input line 10.
LaTeX Font Info:    Checking defaults for PD1/pdf/m/n on input line 10.
LaTeX Font Info:    ... okay on input line 10.
(/usr/share/texlive/texmf-dist/tex/context/base/supp-pdf.mkii
[Loading MPS to PDF converter (version 2006.09.02).]
\scratchcounter=\count100
\scratchdimen=\dimen112
\scratchbox=\box29
\nofMPsegments=\count101
\nofMParguments=\count102
\everyMPshowfont=\toks18
\MPscratchCnt=\count103
\MPscratchDim=\dimen113
\MPnumerator=\count104
\makeMPintoPDFobject=\count105
\everyMPtoPDFconversion=\toks19
) (/usr/share/texlive/texmf-dist/tex/latex/oberdiek/epstopdf-base.sty
Package: epstopdf-base 2010/02/09 v2.5 Base part for package epstopdf

(/usr/share/texlive/texmf-dist/tex/latex/oberdiek/grfext.sty
Package: grfext 2010/08/19 v1.1 Manage graphics extensions (HO)
)
Package grfext Info: Graphics extension search list:
(grfext)             [.png,.pdf,.jpg,.mps,.jpeg,.jbig2,.jb2,.PNG,.PDF,.JPG,.JPE
G,.JBIG2,.JB2,.eps]
(grfext)             \AppendGraphicsExtensions on input line 452.

(/usr/share/texlive/texmf-dist/tex/latex/latexconfig/epstopdf-sys.cfg
File: epstopdf-sys.cfg 2010/07/13 v1.3 Configuration of (r)epstopdf for TeX Liv
e
))
\AtBeginShipoutBox=\box30
Package hyperref Info: Link coloring OFF on input line 10.

(/usr/share/texlive/texmf-dist/tex/latex/hyperref/nameref.sty
Package: nameref 2012/10/27 v2.43 Cross-referencing by name of section

(/usr/share/texlive/texmf-dist/tex/generic/oberdiek/gettitlestring.sty
Package: gettitlestring 2010/12/03 v1.4 Cleanup title references (HO)
)
\c@section@level=\count106
)
LaTeX Info: Redefining \ref on input line 10.
LaTeX Info: Redefining \pageref on input line 10.
LaTeX Info: Redefining \nameref on input line 10.
\@outlinefile=\write3
\openout3 = `ProjectReport.out'.



LaTeX Warning: Citation `ref1' on page 1 undefined on input line 33.


LaTeX Warning: Citation `ref10' on page 1 undefined on input line 33.

<pic1.png, id=4, 663.47874pt x 564.1075pt>
File: pic1.png Graphic file (type png)
 <use pic1.png>
Package pdftex.def Info: pic1.png used on input line 39.
(pdftex.def)             Requested size: 265.3868pt x 225.63899pt.
 [1

{/var/lib/texmf/fonts/map/pdftex/updmap/pdftex.map} <./pic1.png>]

LaTeX Warning: Citation `ref1' on page 2 undefined on input line 59.


LaTeX Warning: Citation `ref10' on page 2 undefined on input line 59.


Underfull \hbox (badness 10000) in paragraph at lines 59--63

 []


Underfull \hbox (badness 10000) in paragraph at lines 71--73

 []

LaTeX Font Info:    External font `cmex10' loaded for size
(Font)              <14.4> on input line 74.
LaTeX Font Info:    External font `cmex10' loaded for size
(Font)              <7> on input line 74.
<mainPiston.png, id=15, 345.29pt x 388.45125pt>
File: mainPiston.png Graphic file (type png)
 <use mainPiston.png>
Package pdftex.def Info: mainPiston.png used on input line 78.
(pdftex.def)             Requested size: 172.64456pt x 194.22514pt.
 [2]
Underfull \hbox (badness 10000) in paragraph at lines 81--84

 []

[3 <./mainPiston.png>] <valve.png, id=25, 504.88625pt x 362.35374pt>
File: valve.png Graphic file (type png)

<use valve.png>
Package pdftex.def Info: valve.png used on input line 85.
(pdftex.def)             Requested size: 201.95091pt x 144.93892pt.
 [4 <./valve.png>] [5]
<gear.png, id=34, 1044.90375pt x 357.335pt>
File: gear.png Graphic file (type png)
 <use gear.png>
Package pdftex.def Info: gear.png used on input line 99.
(pdftex.def)             Requested size: 313.47354pt x 107.20132pt.

<pic2.png, id=35, 706.64pt x 518.93875pt>
File: pic2.png Graphic file (type png)
 <use pic2.png>
Package pdftex.def Info: pic2.png used on input line 104.
(pdftex.def)             Requested size: 353.31914pt x 259.46873pt.

Overfull \hbox (33.31917pt too wide) in paragraph at lines 104--106
 []  
 []

[6 <./gear.png>]
Underfull \hbox (badness 10000) in paragraph at lines 120--129

 []


Underfull \hbox (badness 10000) in paragraph at lines 120--129

 []


Underfull \hbox (badness 10000) in paragraph at lines 120--129

 []


Underfull \hbox (badness 10000) in paragraph at lines 120--129

 []

[7 <./pic2.png>]
Underfull \hbox (badness 10000) in paragraph at lines 139--148

 []


Underfull \hbox (badness 10000) in paragraph at lines 139--148

 []


Underfull \hbox (badness 10000) in paragraph at lines 139--148

 []


Underfull \hbox (badness 10000) in paragraph at lines 139--148

 []

[8]
Underfull \hbox (badness 10000) in paragraph at lines 159--168

 []


Overfull \hbox (11.4489pt too wide) in paragraph at lines 159--168
\OT1/cmr/m/n/14.4 2) First we wanted to con-tin-u-ously cre-ate new air molecul
es
 []


Overfull \hbox (0.39346pt too wide) in paragraph at lines 159--168
\OT1/cmr/m/n/14.4 tried many ways of do-ing this, but failed ev-ery-time. Then
 []


Underfull \hbox (badness 10000) in paragraph at lines 159--168

 []


Underfull \hbox (badness 10000) in paragraph at lines 159--168

 []


Underfull \hbox (badness 10000) in paragraph at lines 159--168

 []

[9] <normalanalysis.png, id=53, 11399.58875pt x 188.705pt>
File: normalanalysis.png Graphic file (type png)

<use normalanalysis.png>
Package pdftex.def Info: normalanalysis.png used on input line 178.
(pdftex.def)             Requested size: 455.9059pt x 7.5469pt.

Overfull \hbox (110.9059pt too wide) in paragraph at lines 178--179
 []  
 []

<releaseanalysis.png, id=54, 12343.11375pt x 188.705pt>
File: releaseanalysis.png Graphic file (type png)

<use releaseanalysis.png>
Package pdftex.def Info: releaseanalysis.png used on input line 188.
(pdftex.def)             Requested size: 432.05313pt x 6.60535pt.

Overfull \hbox (87.05313pt too wide) in paragraph at lines 188--189
 []  
 []

<release1.png, id=55, 1102.1175pt x 161.60374pt>
File: release1.png Graphic file (type png)
 <use release1.png>
Package pdftex.def Info: release1.png used on input line 198.
(pdftex.def)             Requested size: 440.83919pt x 64.64035pt.

Overfull \hbox (95.83919pt too wide) in paragraph at lines 198--199
 []  
 []

<release2.png, id=56, 1133.23375pt x 139.52126pt>
File: release2.png Graphic file (type png)
 <use release2.png>
Package pdftex.def Info: release2.png used on input line 204.
(pdftex.def)             Requested size: 453.28548pt x 55.8075pt.

Overfull \hbox (108.28548pt too wide) in paragraph at lines 204--205
 []  
 []

<release3.png, id=57, 1137.24875pt x 106.3975pt>
File: release3.png Graphic file (type png)
 <use release3.png>
Package pdftex.def Info: release3.png used on input line 210.
(pdftex.def)             Requested size: 454.89145pt x 42.55824pt.

Overfull \hbox (109.89145pt too wide) in paragraph at lines 210--211
 []  
 []

<release4.png, id=58, 1128.215pt x 122.4575pt>
File: release4.png Graphic file (type png)
 <use release4.png>
Package pdftex.def Info: release4.png used on input line 216.
(pdftex.def)             Requested size: 451.278pt x 48.98212pt.

Overfull \hbox (106.278pt too wide) in paragraph at lines 216--217
 []  
 []

<release5.png, id=59, 1164.35pt x 142.5325pt>
File: release5.png Graphic file (type png)
 <use release5.png>
Package pdftex.def Info: release5.png used on input line 222.
(pdftex.def)             Requested size: 465.73175pt x 57.01198pt.

Overfull \hbox (120.73175pt too wide) in paragraph at lines 222--223
 []  
 []

[10 <./normalanalysis.png> <./releaseanalysis.png> <./release1.png> <./release2
.png> <./release3.png> <./release4.png>]
<release6.png, id=64, 819.06pt x 107.40125pt>
File: release6.png Graphic file (type png)
 <use release6.png>
Package pdftex.def Info: release6.png used on input line 228.
(pdftex.def)             Requested size: 327.6182pt x 42.95973pt.

<release7.png, id=65, 743.77875pt x 109.40875pt>
File: release7.png Graphic file (type png)
 <use release7.png>
Package pdftex.def Info: release7.png used on input line 234.
(pdftex.def)             Requested size: 297.50623pt x 43.76271pt.
 [11 <./release5.png> <./release6.png> <./release7.png>]
Underfull \hbox (badness 10000) in paragraph at lines 249--252

 []


Underfull \hbox (badness 10000) in paragraph at lines 260--265

 []


Underfull \hbox (badness 10000) in paragraph at lines 260--265

 []


Underfull \hbox (badness 10000) in paragraph at lines 266--271

 []


Underfull \hbox (badness 10000) in paragraph at lines 266--271

 []


Underfull \hbox (badness 10000) in paragraph at lines 272--280

 []


Underfull \hbox (badness 10000) in paragraph at lines 272--280

 []

[12]
Underfull \hbox (badness 2351) in paragraph at lines 303--305
[]\OT1/cmr/m/n/14.4 Box2D man-nual []$\OT1/cmtt/m/n/14.4 http : / / www . box2d
 . org / manual .
 []


Underfull \hbox (badness 10000) in paragraph at lines 307--309
[]\OT1/cmr/m/n/14.4 Box2D Tu-to-rial []$\OT1/cmtt/m/n/14.4 http : / / www . ifo
rce2d . net /
 []


Underfull \hbox (badness 10000) in paragraph at lines 311--313
[]\OT1/cmr/m/n/14.4 Box2D Blog []$\OT1/cmtt/m/n/14.4 http : / / codingowl . com
 / readblog .
 []


Underfull \hbox (badness 10000) in paragraph at lines 319--321
[]\OT1/cmr/m/n/14.4 doxygen tu-to-rial []$\OT1/cmtt/m/n/14.4 https : / / www . 
stack . nl /
 []


Underfull \hbox (badness 10000) in paragraph at lines 323--325
[]\OT1/cmr/m/n/14.4 Non Con-vex Shape Box2D []$\OT1/cmtt/m/n/14.4 http : / /
 []


Underfull \hbox (badness 10000) in paragraph at lines 323--325
\OT1/cmtt/m/n/14.4 www . emanueleferonato . com / 2011 / 09 / 12 /
 []


Overfull \hbox (3.92262pt too wide) in paragraph at lines 323--325
\OT1/cmtt/m/n/14.4 create-[]non-[]convex-[]complex-[]shapes-[]with-[]box2d/$[] 

 []


Underfull \hbox (badness 10000) in paragraph at lines 327--329
[]\OT1/cmr/m/n/14.4 Bibliography []$\OT1/cmtt/m/n/14.4 https : / / www . sharel
atex . com /
 []


Underfull \hbox (badness 10000) in paragraph at lines 331--333
[]\OT1/cmr/m/n/14.4 git tu-to-rial []$\OT1/cmtt/m/n/14.4 https : / / www . atla
ssian . com / git /
 []

[13]
Underfull \hbox (badness 3690) in paragraph at lines 346--348
[]\OT1/cmr/m/n/14.4 video mak-ing software- kazam []$\OT1/cmtt/m/n/14.4 https :
 / / apps .
 []

Package atveryend Info: Empty hook `BeforeClearDocument' on input line 363.
[14]
Package atveryend Info: Empty hook `AfterLastShipout' on input line 363.
 (./ProjectReport.aux)
Package atveryend Info: Executing hook `AtVeryEndDocument' on input line 363.
Package atveryend Info: Executing hook `AtEndAfterFileList' on input line 363.


Package rerunfilecheck Warning: File `ProjectReport.out' has changed.
(rerunfilecheck)                Rerun to get outlines right
(rerunfilecheck)                or use package `bookmark'.

Package rerunfilecheck Info: Checksums for `ProjectReport.out':
(rerunfilecheck)             Before: <no file>
(rerunfilecheck)             After:  D41D8CD98F00B204E9800998ECF8427E;0.

LaTeX Warning: There were undefined references.


LaTeX Warning: Label(s) may have changed. Rerun to get cross-references right.

Package atveryend Info: Empty hook `AtVeryVeryEnd' on input line 363.
 ) 
Here is how much of TeX's memory you used:
 5364 strings out of 493105
 79388 string characters out of 6137072
 164340 words of memory out of 5000000
 8768 multiletter control sequences out of 15000+600000
 6838 words of font info for 25 fonts, out of 8000000 for 9000
 1141 hyphenation exceptions out of 8191
 29i,5n,23p,1173b,504s stack positions out of 5000i,500n,10000p,200000b,80000s
</usr/share/texlive/texmf-dist/fonts/type1/public/amsfonts/cm/cmbx12.pfb></us
r/share/texlive/texmf-dist/fonts/type1/public/amsfonts/cm/cmr10.pfb></usr/share
/texlive/texmf-dist/fonts/type1/public/amsfonts/cm/cmr12.pfb></usr/share/texliv
e/texmf-dist/fonts/type1/public/amsfonts/cm/cmr17.pfb></usr/share/texlive/texmf
-dist/fonts/type1/public/amsfonts/cm/cmr9.pfb></usr/share/texlive/texmf-dist/fo
nts/type1/public/amsfonts/cm/cmsy10.pfb></usr/share/texlive/texmf-dist/fonts/ty
pe1/public/amsfonts/cm/cmtt12.pfb>
Output written on ProjectReport.pdf (14 pages, 444083 bytes).
PDF statistics:
 155 PDF objects out of 1000 (max. 8388607)
 116 compressed objects within 2 object streams
 29 named destinations out of 1000 (max. 500000)
 71 words of extra memory for PDF output out of 10000 (max. 10000000)

